2014-12-21 15:15:12,932 - Log4JLogChute initialized using file 'velocity.log'
2014-12-21 15:15:12,932 - Velocity was not initialized! Calling init()...
2014-12-21 15:15:12,932 - Starting Apache Velocity v1.5 (compiled: 2007-02-22 08:52:29)
2014-12-21 15:15:12,932 - Default Properties File: org\apache\velocity\runtime\defaults\velocity.properties
2014-12-21 15:15:12,932 - Trying to use logger class org.apache.velocity.runtime.log.AvalonLogChute
2014-12-21 15:15:12,932 - Couldn't find class org.apache.velocity.runtime.log.AvalonLogChute or necessary supporting classes in classpath.
java.lang.NoClassDefFoundError: org/apache/log/format/Formatter
	at java.lang.Class.forName0(Native Method)
	at java.lang.Class.forName(Class.java:274)
	at org.apache.velocity.util.ClassUtils.getClass(ClassUtils.java:63)
	at org.apache.velocity.util.ClassUtils.getNewInstance(ClassUtils.java:95)
	at org.apache.velocity.runtime.log.LogManager.createLogChute(LogManager.java:147)
	at org.apache.velocity.runtime.log.LogManager.updateLog(LogManager.java:208)
	at org.apache.velocity.runtime.RuntimeInstance.initializeLog(RuntimeInstance.java:728)
	at org.apache.velocity.runtime.RuntimeInstance.init(RuntimeInstance.java:240)
	at org.apache.velocity.runtime.RuntimeInstance.parse(RuntimeInstance.java:993)
	at org.apache.velocity.runtime.RuntimeInstance.parse(RuntimeInstance.java:972)
	at org.apache.velocity.runtime.RuntimeSingleton.parse(RuntimeSingleton.java:265)
	at org.apache.velocity.app.Velocity.evaluate(Velocity.java:274)
	at org.sonatype.mavenbook.weather.WeatherFormatter.format(WeatherFormatter.java:21)
	at org.sonatype.mavenbook.weather.WeatherFormatterTest.testFormat(WeatherFormatterTest.java:23)
	at sun.reflect.NativeMethodAccessorImpl.invoke0(Native Method)
	at sun.reflect.NativeMethodAccessorImpl.invoke(NativeMethodAccessorImpl.java:57)
	at sun.reflect.DelegatingMethodAccessorImpl.invoke(DelegatingMethodAccessorImpl.java:43)
	at java.lang.reflect.Method.invoke(Method.java:606)
	at junit.framework.TestCase.runTest(TestCase.java:154)
	at junit.framework.TestCase.runBare(TestCase.java:127)
	at junit.framework.TestResult$1.protect(TestResult.java:106)
	at junit.framework.TestResult.runProtected(TestResult.java:124)
	at junit.framework.TestResult.run(TestResult.java:109)
	at junit.framework.TestCase.run(TestCase.java:118)
	at junit.framework.TestSuite.runTest(TestSuite.java:208)
	at junit.framework.TestSuite.run(TestSuite.java:203)
	at sun.reflect.NativeMethodAccessorImpl.invoke0(Native Method)
	at sun.reflect.NativeMethodAccessorImpl.invoke(NativeMethodAccessorImpl.java:57)
	at sun.reflect.DelegatingMethodAccessorImpl.invoke(DelegatingMethodAccessorImpl.java:43)
	at java.lang.reflect.Method.invoke(Method.java:606)
	at org.apache.maven.surefire.junit.JUnitTestSet.execute(JUnitTestSet.java:95)
	at org.apache.maven.surefire.junit.JUnit3Provider.executeTestSet(JUnit3Provider.java:121)
	at org.apache.maven.surefire.junit.JUnit3Provider.invoke(JUnit3Provider.java:98)
	at sun.reflect.NativeMethodAccessorImpl.invoke0(Native Method)
	at sun.reflect.NativeMethodAccessorImpl.invoke(NativeMethodAccessorImpl.java:57)
	at sun.reflect.DelegatingMethodAccessorImpl.invoke(DelegatingMethodAccessorImpl.java:43)
	at java.lang.reflect.Method.invoke(Method.java:606)
	at org.apache.maven.surefire.util.ReflectionUtils.invokeMethodWithArray(ReflectionUtils.java:189)
	at org.apache.maven.surefire.booter.ProviderFactory$ProviderProxy.invoke(ProviderFactory.java:165)
	at org.apache.maven.surefire.booter.ProviderFactory.invokeProvider(ProviderFactory.java:85)
	at org.apache.maven.surefire.booter.ForkedBooter.runSuitesInProcess(ForkedBooter.java:115)
	at org.apache.maven.surefire.booter.ForkedBooter.main(ForkedBooter.java:75)
Caused by: java.lang.ClassNotFoundException: org.apache.log.format.Formatter
	at java.net.URLClassLoader$1.run(URLClassLoader.java:366)
	at java.net.URLClassLoader$1.run(URLClassLoader.java:355)
	at java.security.AccessController.doPrivileged(Native Method)
	at java.net.URLClassLoader.findClass(URLClassLoader.java:354)
	at java.lang.ClassLoader.loadClass(ClassLoader.java:425)
	at sun.misc.Launcher$AppClassLoader.loadClass(Launcher.java:308)
	at java.lang.ClassLoader.loadClass(ClassLoader.java:358)
	... 42 more
2014-12-21 15:15:12,942 - Trying to use logger class org.apache.velocity.runtime.log.Log4JLogChute
2014-12-21 15:15:12,942 - Using logger class org.apache.velocity.runtime.log.Log4JLogChute
2014-12-21 15:15:12,942 - Default ResourceManager initializing. (class org.apache.velocity.runtime.resource.ResourceManagerImpl)
2014-12-21 15:15:12,942 - ResourceLoader instantiated: org.apache.velocity.runtime.resource.loader.FileResourceLoader
2014-12-21 15:15:12,942 - Do unicode file recognition:  false
2014-12-21 15:15:12,942 - FileResourceLoader : adding path '.'
2014-12-21 15:15:12,962 - ResourceCache: initialized (class org.apache.velocity.runtime.resource.ResourceCacheImpl)
2014-12-21 15:15:12,962 - Loaded System Directive: org.apache.velocity.runtime.directive.Literal
2014-12-21 15:15:12,962 - Loaded System Directive: org.apache.velocity.runtime.directive.Macro
2014-12-21 15:15:12,962 - Loaded System Directive: org.apache.velocity.runtime.directive.Parse
2014-12-21 15:15:12,972 - Loaded System Directive: org.apache.velocity.runtime.directive.Include
2014-12-21 15:15:12,972 - Loaded System Directive: org.apache.velocity.runtime.directive.Foreach
2014-12-21 15:15:13,002 - Created '20' parsers.
2014-12-21 15:15:13,002 - Velocimacro : "velocimacro.library" is not set.  Trying default library: VM_global_library.vm
2014-12-21 15:15:13,002 - Velocimacro : Default library not found.
2014-12-21 15:15:13,002 - Velocimacro : allowInline = true : VMs can be defined inline in templates
2014-12-21 15:15:13,002 - Velocimacro : allowInlineToOverride = false : VMs defined inline may NOT replace previous VM definitions
2014-12-21 15:15:13,002 - Velocimacro : allowInlineLocal = false : VMs defined inline will be global in scope if allowed.
2014-12-21 15:15:13,002 - Velocimacro : autoload off : VM system will not automatically reload global library macros
2014-12-21 15:17:07,603 - Log4JLogChute initialized using file 'velocity.log'
2014-12-21 15:17:07,603 - Velocity was not initialized! Calling init()...
2014-12-21 15:17:07,603 - Starting Apache Velocity v1.5 (compiled: 2007-02-22 08:52:29)
2014-12-21 15:17:07,603 - Default Properties File: org\apache\velocity\runtime\defaults\velocity.properties
2014-12-21 15:17:07,603 - Trying to use logger class org.apache.velocity.runtime.log.AvalonLogChute
2014-12-21 15:17:07,603 - Couldn't find class org.apache.velocity.runtime.log.AvalonLogChute or necessary supporting classes in classpath.
java.lang.NoClassDefFoundError: org/apache/log/format/Formatter
	at java.lang.Class.forName0(Native Method)
	at java.lang.Class.forName(Class.java:274)
	at org.apache.velocity.util.ClassUtils.getClass(ClassUtils.java:63)
	at org.apache.velocity.util.ClassUtils.getNewInstance(ClassUtils.java:95)
	at org.apache.velocity.runtime.log.LogManager.createLogChute(LogManager.java:147)
	at org.apache.velocity.runtime.log.LogManager.updateLog(LogManager.java:208)
	at org.apache.velocity.runtime.RuntimeInstance.initializeLog(RuntimeInstance.java:728)
	at org.apache.velocity.runtime.RuntimeInstance.init(RuntimeInstance.java:240)
	at org.apache.velocity.runtime.RuntimeInstance.parse(RuntimeInstance.java:993)
	at org.apache.velocity.runtime.RuntimeInstance.parse(RuntimeInstance.java:972)
	at org.apache.velocity.runtime.RuntimeSingleton.parse(RuntimeSingleton.java:265)
	at org.apache.velocity.app.Velocity.evaluate(Velocity.java:274)
	at org.sonatype.mavenbook.weather.WeatherFormatter.format(WeatherFormatter.java:21)
	at org.sonatype.mavenbook.weather.WeatherFormatterTest.testFormat(WeatherFormatterTest.java:23)
	at sun.reflect.NativeMethodAccessorImpl.invoke0(Native Method)
	at sun.reflect.NativeMethodAccessorImpl.invoke(NativeMethodAccessorImpl.java:57)
	at sun.reflect.DelegatingMethodAccessorImpl.invoke(DelegatingMethodAccessorImpl.java:43)
	at java.lang.reflect.Method.invoke(Method.java:606)
	at junit.framework.TestCase.runTest(TestCase.java:154)
	at junit.framework.TestCase.runBare(TestCase.java:127)
	at junit.framework.TestResult$1.protect(TestResult.java:106)
	at junit.framework.TestResult.runProtected(TestResult.java:124)
	at junit.framework.TestResult.run(TestResult.java:109)
	at junit.framework.TestCase.run(TestCase.java:118)
	at org.eclipse.jdt.internal.junit.runner.junit3.JUnit3TestReference.run(JUnit3TestReference.java:131)
	at org.eclipse.jdt.internal.junit.runner.TestExecution.run(TestExecution.java:38)
	at org.eclipse.jdt.internal.junit.runner.RemoteTestRunner.runTests(RemoteTestRunner.java:459)
	at org.eclipse.jdt.internal.junit.runner.RemoteTestRunner.runTests(RemoteTestRunner.java:675)
	at org.eclipse.jdt.internal.junit.runner.RemoteTestRunner.run(RemoteTestRunner.java:382)
	at org.eclipse.jdt.internal.junit.runner.RemoteTestRunner.main(RemoteTestRunner.java:192)
Caused by: java.lang.ClassNotFoundException: org.apache.log.format.Formatter
	at java.net.URLClassLoader$1.run(URLClassLoader.java:366)
	at java.net.URLClassLoader$1.run(URLClassLoader.java:355)
	at java.security.AccessController.doPrivileged(Native Method)
	at java.net.URLClassLoader.findClass(URLClassLoader.java:354)
	at java.lang.ClassLoader.loadClass(ClassLoader.java:425)
	at sun.misc.Launcher$AppClassLoader.loadClass(Launcher.java:308)
	at java.lang.ClassLoader.loadClass(ClassLoader.java:358)
	... 30 more
2014-12-21 15:17:07,613 - Trying to use logger class org.apache.velocity.runtime.log.Log4JLogChute
2014-12-21 15:17:07,613 - Using logger class org.apache.velocity.runtime.log.Log4JLogChute
2014-12-21 15:17:07,613 - Default ResourceManager initializing. (class org.apache.velocity.runtime.resource.ResourceManagerImpl)
2014-12-21 15:17:07,613 - ResourceLoader instantiated: org.apache.velocity.runtime.resource.loader.FileResourceLoader
2014-12-21 15:17:07,613 - Do unicode file recognition:  false
2014-12-21 15:17:07,613 - FileResourceLoader : adding path '.'
2014-12-21 15:17:07,633 - ResourceCache: initialized (class org.apache.velocity.runtime.resource.ResourceCacheImpl)
2014-12-21 15:17:07,633 - Loaded System Directive: org.apache.velocity.runtime.directive.Literal
2014-12-21 15:17:07,633 - Loaded System Directive: org.apache.velocity.runtime.directive.Macro
2014-12-21 15:17:07,643 - Loaded System Directive: org.apache.velocity.runtime.directive.Parse
2014-12-21 15:17:07,643 - Loaded System Directive: org.apache.velocity.runtime.directive.Include
2014-12-21 15:17:07,643 - Loaded System Directive: org.apache.velocity.runtime.directive.Foreach
2014-12-21 15:17:07,693 - Created '20' parsers.
2014-12-21 15:17:07,693 - Velocimacro : "velocimacro.library" is not set.  Trying default library: VM_global_library.vm
2014-12-21 15:17:07,693 - Velocimacro : Default library not found.
2014-12-21 15:17:07,693 - Velocimacro : allowInline = true : VMs can be defined inline in templates
2014-12-21 15:17:07,693 - Velocimacro : allowInlineToOverride = false : VMs defined inline may NOT replace previous VM definitions
2014-12-21 15:17:07,693 - Velocimacro : allowInlineLocal = false : VMs defined inline will be global in scope if allowed.
2014-12-21 15:17:07,693 - Velocimacro : autoload off : VM system will not automatically reload global library macros
2014-12-21 15:28:50,878 - Log4JLogChute initialized using file 'velocity.log'
2014-12-21 15:28:50,878 - Velocity was not initialized! Calling init()...
2014-12-21 15:28:50,878 - Starting Apache Velocity v1.5 (compiled: 2007-02-22 08:52:29)
2014-12-21 15:28:50,878 - Default Properties File: org\apache\velocity\runtime\defaults\velocity.properties
2014-12-21 15:28:50,878 - Trying to use logger class org.apache.velocity.runtime.log.AvalonLogChute
2014-12-21 15:28:50,878 - Couldn't find class org.apache.velocity.runtime.log.AvalonLogChute or necessary supporting classes in classpath.
java.lang.NoClassDefFoundError: org/apache/log/format/Formatter
	at java.lang.Class.forName0(Native Method)
	at java.lang.Class.forName(Class.java:274)
	at org.apache.velocity.util.ClassUtils.getClass(ClassUtils.java:63)
	at org.apache.velocity.util.ClassUtils.getNewInstance(ClassUtils.java:95)
	at org.apache.velocity.runtime.log.LogManager.createLogChute(LogManager.java:147)
	at org.apache.velocity.runtime.log.LogManager.updateLog(LogManager.java:208)
	at org.apache.velocity.runtime.RuntimeInstance.initializeLog(RuntimeInstance.java:728)
	at org.apache.velocity.runtime.RuntimeInstance.init(RuntimeInstance.java:240)
	at org.apache.velocity.runtime.RuntimeInstance.parse(RuntimeInstance.java:993)
	at org.apache.velocity.runtime.RuntimeInstance.parse(RuntimeInstance.java:972)
	at org.apache.velocity.runtime.RuntimeSingleton.parse(RuntimeSingleton.java:265)
	at org.apache.velocity.app.Velocity.evaluate(Velocity.java:274)
	at org.sonatype.mavenbook.weather.WeatherFormatter.format(WeatherFormatter.java:21)
	at org.sonatype.mavenbook.weather.WeatherFormatterTest1.testFormat(WeatherFormatterTest1.java:17)
	at sun.reflect.NativeMethodAccessorImpl.invoke0(Native Method)
	at sun.reflect.NativeMethodAccessorImpl.invoke(NativeMethodAccessorImpl.java:57)
	at sun.reflect.DelegatingMethodAccessorImpl.invoke(DelegatingMethodAccessorImpl.java:43)
	at java.lang.reflect.Method.invoke(Method.java:606)
	at org.junit.runners.model.FrameworkMethod$1.runReflectiveCall(FrameworkMethod.java:47)
	at org.junit.internal.runners.model.ReflectiveCallable.run(ReflectiveCallable.java:12)
	at org.junit.runners.model.FrameworkMethod.invokeExplosively(FrameworkMethod.java:44)
	at org.junit.internal.runners.statements.InvokeMethod.evaluate(InvokeMethod.java:17)
	at org.junit.runners.ParentRunner.runLeaf(ParentRunner.java:271)
	at org.junit.runners.BlockJUnit4ClassRunner.runChild(BlockJUnit4ClassRunner.java:70)
	at org.junit.runners.BlockJUnit4ClassRunner.runChild(BlockJUnit4ClassRunner.java:50)
	at org.junit.runners.ParentRunner$3.run(ParentRunner.java:238)
	at org.junit.runners.ParentRunner$1.schedule(ParentRunner.java:63)
	at org.junit.runners.ParentRunner.runChildren(ParentRunner.java:236)
	at org.junit.runners.ParentRunner.access$000(ParentRunner.java:53)
	at org.junit.runners.ParentRunner$2.evaluate(ParentRunner.java:229)
	at org.junit.runners.ParentRunner.run(ParentRunner.java:309)
	at org.eclipse.jdt.internal.junit4.runner.JUnit4TestReference.run(JUnit4TestReference.java:50)
	at org.eclipse.jdt.internal.junit.runner.TestExecution.run(TestExecution.java:38)
	at org.eclipse.jdt.internal.junit.runner.RemoteTestRunner.runTests(RemoteTestRunner.java:459)
	at org.eclipse.jdt.internal.junit.runner.RemoteTestRunner.runTests(RemoteTestRunner.java:675)
	at org.eclipse.jdt.internal.junit.runner.RemoteTestRunner.run(RemoteTestRunner.java:382)
	at org.eclipse.jdt.internal.junit.runner.RemoteTestRunner.main(RemoteTestRunner.java:192)
Caused by: java.lang.ClassNotFoundException: org.apache.log.format.Formatter
	at java.net.URLClassLoader$1.run(URLClassLoader.java:366)
	at java.net.URLClassLoader$1.run(URLClassLoader.java:355)
	at java.security.AccessController.doPrivileged(Native Method)
	at java.net.URLClassLoader.findClass(URLClassLoader.java:354)
	at java.lang.ClassLoader.loadClass(ClassLoader.java:425)
	at sun.misc.Launcher$AppClassLoader.loadClass(Launcher.java:308)
	at java.lang.ClassLoader.loadClass(ClassLoader.java:358)
	... 37 more
2014-12-21 15:28:50,878 - Trying to use logger class org.apache.velocity.runtime.log.Log4JLogChute
2014-12-21 15:28:50,878 - Using logger class org.apache.velocity.runtime.log.Log4JLogChute
2014-12-21 15:28:50,888 - Default ResourceManager initializing. (class org.apache.velocity.runtime.resource.ResourceManagerImpl)
2014-12-21 15:28:50,888 - ResourceLoader instantiated: org.apache.velocity.runtime.resource.loader.FileResourceLoader
2014-12-21 15:28:50,888 - Do unicode file recognition:  false
2014-12-21 15:28:50,888 - FileResourceLoader : adding path '.'
2014-12-21 15:28:50,898 - ResourceCache: initialized (class org.apache.velocity.runtime.resource.ResourceCacheImpl)
2014-12-21 15:28:50,898 - Loaded System Directive: org.apache.velocity.runtime.directive.Literal
2014-12-21 15:28:50,898 - Loaded System Directive: org.apache.velocity.runtime.directive.Macro
2014-12-21 15:28:50,898 - Loaded System Directive: org.apache.velocity.runtime.directive.Parse
2014-12-21 15:28:50,898 - Loaded System Directive: org.apache.velocity.runtime.directive.Include
2014-12-21 15:28:50,898 - Loaded System Directive: org.apache.velocity.runtime.directive.Foreach
2014-12-21 15:28:50,928 - Created '20' parsers.
2014-12-21 15:28:50,938 - Velocimacro : "velocimacro.library" is not set.  Trying default library: VM_global_library.vm
2014-12-21 15:28:50,938 - Velocimacro : Default library not found.
2014-12-21 15:28:50,938 - Velocimacro : allowInline = true : VMs can be defined inline in templates
2014-12-21 15:28:50,938 - Velocimacro : allowInlineToOverride = false : VMs defined inline may NOT replace previous VM definitions
2014-12-21 15:28:50,938 - Velocimacro : allowInlineLocal = false : VMs defined inline will be global in scope if allowed.
2014-12-21 15:28:50,938 - Velocimacro : autoload off : VM system will not automatically reload global library macros
2014-12-21 15:34:29,200 - Log4JLogChute initialized using file 'velocity.log'
2014-12-21 15:34:29,200 - Velocity was not initialized! Calling init()...
2014-12-21 15:34:29,200 - Starting Apache Velocity v1.5 (compiled: 2007-02-22 08:52:29)
2014-12-21 15:34:29,200 - Default Properties File: org\apache\velocity\runtime\defaults\velocity.properties
2014-12-21 15:34:29,200 - Trying to use logger class org.apache.velocity.runtime.log.AvalonLogChute
2014-12-21 15:34:29,200 - Couldn't find class org.apache.velocity.runtime.log.AvalonLogChute or necessary supporting classes in classpath.
java.lang.NoClassDefFoundError: org/apache/log/format/Formatter
	at java.lang.Class.forName0(Native Method)
	at java.lang.Class.forName(Class.java:274)
	at org.apache.velocity.util.ClassUtils.getClass(ClassUtils.java:63)
	at org.apache.velocity.util.ClassUtils.getNewInstance(ClassUtils.java:95)
	at org.apache.velocity.runtime.log.LogManager.createLogChute(LogManager.java:147)
	at org.apache.velocity.runtime.log.LogManager.updateLog(LogManager.java:208)
	at org.apache.velocity.runtime.RuntimeInstance.initializeLog(RuntimeInstance.java:728)
	at org.apache.velocity.runtime.RuntimeInstance.init(RuntimeInstance.java:240)
	at org.apache.velocity.runtime.RuntimeInstance.parse(RuntimeInstance.java:993)
	at org.apache.velocity.runtime.RuntimeInstance.parse(RuntimeInstance.java:972)
	at org.apache.velocity.runtime.RuntimeSingleton.parse(RuntimeSingleton.java:265)
	at org.apache.velocity.app.Velocity.evaluate(Velocity.java:274)
	at org.sonatype.mavenbook.weather.WeatherFormatter.format(WeatherFormatter.java:21)
	at org.sonatype.mavenbook.weather.WeatherFormatterTest.testFormat(WeatherFormatterTest.java:23)
	at sun.reflect.NativeMethodAccessorImpl.invoke0(Native Method)
	at sun.reflect.NativeMethodAccessorImpl.invoke(NativeMethodAccessorImpl.java:57)
	at sun.reflect.DelegatingMethodAccessorImpl.invoke(DelegatingMethodAccessorImpl.java:43)
	at java.lang.reflect.Method.invoke(Method.java:606)
	at junit.framework.TestCase.runTest(TestCase.java:176)
	at junit.framework.TestCase.runBare(TestCase.java:141)
	at junit.framework.TestResult$1.protect(TestResult.java:122)
	at junit.framework.TestResult.runProtected(TestResult.java:142)
	at junit.framework.TestResult.run(TestResult.java:125)
	at junit.framework.TestCase.run(TestCase.java:129)
	at junit.framework.TestSuite.runTest(TestSuite.java:255)
	at junit.framework.TestSuite.run(TestSuite.java:250)
	at org.junit.internal.runners.JUnit38ClassRunner.run(JUnit38ClassRunner.java:84)
	at org.apache.maven.surefire.junit4.JUnit4Provider.execute(JUnit4Provider.java:252)
	at org.apache.maven.surefire.junit4.JUnit4Provider.executeTestSet(JUnit4Provider.java:141)
	at org.apache.maven.surefire.junit4.JUnit4Provider.invoke(JUnit4Provider.java:112)
	at sun.reflect.NativeMethodAccessorImpl.invoke0(Native Method)
	at sun.reflect.NativeMethodAccessorImpl.invoke(NativeMethodAccessorImpl.java:57)
	at sun.reflect.DelegatingMethodAccessorImpl.invoke(DelegatingMethodAccessorImpl.java:43)
	at java.lang.reflect.Method.invoke(Method.java:606)
	at org.apache.maven.surefire.util.ReflectionUtils.invokeMethodWithArray(ReflectionUtils.java:189)
	at org.apache.maven.surefire.booter.ProviderFactory$ProviderProxy.invoke(ProviderFactory.java:165)
	at org.apache.maven.surefire.booter.ProviderFactory.invokeProvider(ProviderFactory.java:85)
	at org.apache.maven.surefire.booter.ForkedBooter.runSuitesInProcess(ForkedBooter.java:115)
	at org.apache.maven.surefire.booter.ForkedBooter.main(ForkedBooter.java:75)
Caused by: java.lang.ClassNotFoundException: org.apache.log.format.Formatter
	at java.net.URLClassLoader$1.run(URLClassLoader.java:366)
	at java.net.URLClassLoader$1.run(URLClassLoader.java:355)
	at java.security.AccessController.doPrivileged(Native Method)
	at java.net.URLClassLoader.findClass(URLClassLoader.java:354)
	at java.lang.ClassLoader.loadClass(ClassLoader.java:425)
	at sun.misc.Launcher$AppClassLoader.loadClass(Launcher.java:308)
	at java.lang.ClassLoader.loadClass(ClassLoader.java:358)
	... 39 more
2014-12-21 15:34:29,200 - Trying to use logger class org.apache.velocity.runtime.log.Log4JLogChute
2014-12-21 15:34:29,200 - Using logger class org.apache.velocity.runtime.log.Log4JLogChute
2014-12-21 15:34:29,210 - Default ResourceManager initializing. (class org.apache.velocity.runtime.resource.ResourceManagerImpl)
2014-12-21 15:34:29,210 - ResourceLoader instantiated: org.apache.velocity.runtime.resource.loader.FileResourceLoader
2014-12-21 15:34:29,210 - Do unicode file recognition:  false
2014-12-21 15:34:29,210 - FileResourceLoader : adding path '.'
2014-12-21 15:34:29,230 - ResourceCache: initialized (class org.apache.velocity.runtime.resource.ResourceCacheImpl)
2014-12-21 15:34:29,230 - Loaded System Directive: org.apache.velocity.runtime.directive.Literal
2014-12-21 15:34:29,230 - Loaded System Directive: org.apache.velocity.runtime.directive.Macro
2014-12-21 15:34:29,230 - Loaded System Directive: org.apache.velocity.runtime.directive.Parse
2014-12-21 15:34:29,230 - Loaded System Directive: org.apache.velocity.runtime.directive.Include
2014-12-21 15:34:29,230 - Loaded System Directive: org.apache.velocity.runtime.directive.Foreach
2014-12-21 15:34:29,260 - Created '20' parsers.
2014-12-21 15:34:29,260 - Velocimacro : "velocimacro.library" is not set.  Trying default library: VM_global_library.vm
2014-12-21 15:34:29,260 - Velocimacro : Default library not found.
2014-12-21 15:34:29,260 - Velocimacro : allowInline = true : VMs can be defined inline in templates
2014-12-21 15:34:29,260 - Velocimacro : allowInlineToOverride = false : VMs defined inline may NOT replace previous VM definitions
2014-12-21 15:34:29,260 - Velocimacro : allowInlineLocal = false : VMs defined inline will be global in scope if allowed.
2014-12-21 15:34:29,260 - Velocimacro : autoload off : VM system will not automatically reload global library macros
2014-12-21 15:42:36,915 - Log4JLogChute initialized using file 'velocity.log'
2014-12-21 15:42:36,915 - Velocity was not initialized! Calling init()...
2014-12-21 15:42:36,915 - Starting Apache Velocity v1.5 (compiled: 2007-02-22 08:52:29)
2014-12-21 15:42:36,915 - Default Properties File: org\apache\velocity\runtime\defaults\velocity.properties
2014-12-21 15:42:36,915 - Trying to use logger class org.apache.velocity.runtime.log.AvalonLogChute
2014-12-21 15:42:36,915 - Couldn't find class org.apache.velocity.runtime.log.AvalonLogChute or necessary supporting classes in classpath.
java.lang.NoClassDefFoundError: org/apache/log/format/Formatter
	at java.lang.Class.forName0(Native Method)
	at java.lang.Class.forName(Class.java:274)
	at org.apache.velocity.util.ClassUtils.getClass(ClassUtils.java:63)
	at org.apache.velocity.util.ClassUtils.getNewInstance(ClassUtils.java:95)
	at org.apache.velocity.runtime.log.LogManager.createLogChute(LogManager.java:147)
	at org.apache.velocity.runtime.log.LogManager.updateLog(LogManager.java:208)
	at org.apache.velocity.runtime.RuntimeInstance.initializeLog(RuntimeInstance.java:728)
	at org.apache.velocity.runtime.RuntimeInstance.init(RuntimeInstance.java:240)
	at org.apache.velocity.runtime.RuntimeInstance.parse(RuntimeInstance.java:993)
	at org.apache.velocity.runtime.RuntimeInstance.parse(RuntimeInstance.java:972)
	at org.apache.velocity.runtime.RuntimeSingleton.parse(RuntimeSingleton.java:265)
	at org.apache.velocity.app.Velocity.evaluate(Velocity.java:274)
	at org.sonatype.mavenbook.weather.WeatherFormatter.format(WeatherFormatter.java:21)
	at org.sonatype.mavenbook.weather.WeatherFormatterTest1.testFormat(WeatherFormatterTest1.java:17)
	at sun.reflect.NativeMethodAccessorImpl.invoke0(Native Method)
	at sun.reflect.NativeMethodAccessorImpl.invoke(NativeMethodAccessorImpl.java:57)
	at sun.reflect.DelegatingMethodAccessorImpl.invoke(DelegatingMethodAccessorImpl.java:43)
	at java.lang.reflect.Method.invoke(Method.java:606)
	at org.junit.runners.model.FrameworkMethod$1.runReflectiveCall(FrameworkMethod.java:47)
	at org.junit.internal.runners.model.ReflectiveCallable.run(ReflectiveCallable.java:12)
	at org.junit.runners.model.FrameworkMethod.invokeExplosively(FrameworkMethod.java:44)
	at org.junit.internal.runners.statements.InvokeMethod.evaluate(InvokeMethod.java:17)
	at org.junit.runners.ParentRunner.runLeaf(ParentRunner.java:271)
	at org.junit.runners.BlockJUnit4ClassRunner.runChild(BlockJUnit4ClassRunner.java:70)
	at org.junit.runners.BlockJUnit4ClassRunner.runChild(BlockJUnit4ClassRunner.java:50)
	at org.junit.runners.ParentRunner$3.run(ParentRunner.java:238)
	at org.junit.runners.ParentRunner$1.schedule(ParentRunner.java:63)
	at org.junit.runners.ParentRunner.runChildren(ParentRunner.java:236)
	at org.junit.runners.ParentRunner.access$000(ParentRunner.java:53)
	at org.junit.runners.ParentRunner$2.evaluate(ParentRunner.java:229)
	at org.junit.runners.ParentRunner.run(ParentRunner.java:309)
	at org.eclipse.jdt.internal.junit4.runner.JUnit4TestReference.run(JUnit4TestReference.java:50)
	at org.eclipse.jdt.internal.junit.runner.TestExecution.run(TestExecution.java:38)
	at org.eclipse.jdt.internal.junit.runner.RemoteTestRunner.runTests(RemoteTestRunner.java:459)
	at org.eclipse.jdt.internal.junit.runner.RemoteTestRunner.runTests(RemoteTestRunner.java:675)
	at org.eclipse.jdt.internal.junit.runner.RemoteTestRunner.run(RemoteTestRunner.java:382)
	at org.eclipse.jdt.internal.junit.runner.RemoteTestRunner.main(RemoteTestRunner.java:192)
Caused by: java.lang.ClassNotFoundException: org.apache.log.format.Formatter
	at java.net.URLClassLoader$1.run(URLClassLoader.java:366)
	at java.net.URLClassLoader$1.run(URLClassLoader.java:355)
	at java.security.AccessController.doPrivileged(Native Method)
	at java.net.URLClassLoader.findClass(URLClassLoader.java:354)
	at java.lang.ClassLoader.loadClass(ClassLoader.java:425)
	at sun.misc.Launcher$AppClassLoader.loadClass(Launcher.java:308)
	at java.lang.ClassLoader.loadClass(ClassLoader.java:358)
	... 37 more
2014-12-21 15:42:36,915 - Trying to use logger class org.apache.velocity.runtime.log.Log4JLogChute
2014-12-21 15:42:36,915 - Using logger class org.apache.velocity.runtime.log.Log4JLogChute
2014-12-21 15:42:36,925 - Default ResourceManager initializing. (class org.apache.velocity.runtime.resource.ResourceManagerImpl)
2014-12-21 15:42:36,925 - ResourceLoader instantiated: org.apache.velocity.runtime.resource.loader.FileResourceLoader
2014-12-21 15:42:36,925 - Do unicode file recognition:  false
2014-12-21 15:42:36,925 - FileResourceLoader : adding path '.'
2014-12-21 15:42:36,935 - ResourceCache: initialized (class org.apache.velocity.runtime.resource.ResourceCacheImpl)
2014-12-21 15:42:36,935 - Loaded System Directive: org.apache.velocity.runtime.directive.Literal
2014-12-21 15:42:36,935 - Loaded System Directive: org.apache.velocity.runtime.directive.Macro
2014-12-21 15:42:36,935 - Loaded System Directive: org.apache.velocity.runtime.directive.Parse
2014-12-21 15:42:36,935 - Loaded System Directive: org.apache.velocity.runtime.directive.Include
2014-12-21 15:42:36,935 - Loaded System Directive: org.apache.velocity.runtime.directive.Foreach
2014-12-21 15:42:36,975 - Created '20' parsers.
2014-12-21 15:42:36,975 - Velocimacro : "velocimacro.library" is not set.  Trying default library: VM_global_library.vm
2014-12-21 15:42:36,975 - Velocimacro : Default library not found.
2014-12-21 15:42:36,975 - Velocimacro : allowInline = true : VMs can be defined inline in templates
2014-12-21 15:42:36,975 - Velocimacro : allowInlineToOverride = false : VMs defined inline may NOT replace previous VM definitions
2014-12-21 15:42:36,975 - Velocimacro : allowInlineLocal = false : VMs defined inline will be global in scope if allowed.
2014-12-21 15:42:36,975 - Velocimacro : autoload off : VM system will not automatically reload global library macros
2014-12-21 15:42:52,319 - Log4JLogChute initialized using file 'velocity.log'
2014-12-21 15:42:52,319 - Velocity was not initialized! Calling init()...
2014-12-21 15:42:52,319 - Starting Apache Velocity v1.5 (compiled: 2007-02-22 08:52:29)
2014-12-21 15:42:52,319 - Default Properties File: org\apache\velocity\runtime\defaults\velocity.properties
2014-12-21 15:42:52,319 - Trying to use logger class org.apache.velocity.runtime.log.AvalonLogChute
2014-12-21 15:42:52,329 - Couldn't find class org.apache.velocity.runtime.log.AvalonLogChute or necessary supporting classes in classpath.
java.lang.NoClassDefFoundError: org/apache/log/format/Formatter
	at java.lang.Class.forName0(Native Method)
	at java.lang.Class.forName(Class.java:274)
	at org.apache.velocity.util.ClassUtils.getClass(ClassUtils.java:63)
	at org.apache.velocity.util.ClassUtils.getNewInstance(ClassUtils.java:95)
	at org.apache.velocity.runtime.log.LogManager.createLogChute(LogManager.java:147)
	at org.apache.velocity.runtime.log.LogManager.updateLog(LogManager.java:208)
	at org.apache.velocity.runtime.RuntimeInstance.initializeLog(RuntimeInstance.java:728)
	at org.apache.velocity.runtime.RuntimeInstance.init(RuntimeInstance.java:240)
	at org.apache.velocity.runtime.RuntimeInstance.parse(RuntimeInstance.java:993)
	at org.apache.velocity.runtime.RuntimeInstance.parse(RuntimeInstance.java:972)
	at org.apache.velocity.runtime.RuntimeSingleton.parse(RuntimeSingleton.java:265)
	at org.apache.velocity.app.Velocity.evaluate(Velocity.java:274)
	at org.sonatype.mavenbook.weather.WeatherFormatter.format(WeatherFormatter.java:21)
	at org.sonatype.mavenbook.weather.WeatherFormatterTest.testFormat(WeatherFormatterTest.java:23)
	at sun.reflect.NativeMethodAccessorImpl.invoke0(Native Method)
	at sun.reflect.NativeMethodAccessorImpl.invoke(NativeMethodAccessorImpl.java:57)
	at sun.reflect.DelegatingMethodAccessorImpl.invoke(DelegatingMethodAccessorImpl.java:43)
	at java.lang.reflect.Method.invoke(Method.java:606)
	at junit.framework.TestCase.runTest(TestCase.java:176)
	at junit.framework.TestCase.runBare(TestCase.java:141)
	at junit.framework.TestResult$1.protect(TestResult.java:122)
	at junit.framework.TestResult.runProtected(TestResult.java:142)
	at junit.framework.TestResult.run(TestResult.java:125)
	at junit.framework.TestCase.run(TestCase.java:129)
	at junit.framework.TestSuite.runTest(TestSuite.java:255)
	at junit.framework.TestSuite.run(TestSuite.java:250)
	at org.junit.internal.runners.JUnit38ClassRunner.run(JUnit38ClassRunner.java:84)
	at org.apache.maven.surefire.junit4.JUnit4Provider.execute(JUnit4Provider.java:252)
	at org.apache.maven.surefire.junit4.JUnit4Provider.executeTestSet(JUnit4Provider.java:141)
	at org.apache.maven.surefire.junit4.JUnit4Provider.invoke(JUnit4Provider.java:112)
	at sun.reflect.NativeMethodAccessorImpl.invoke0(Native Method)
	at sun.reflect.NativeMethodAccessorImpl.invoke(NativeMethodAccessorImpl.java:57)
	at sun.reflect.DelegatingMethodAccessorImpl.invoke(DelegatingMethodAccessorImpl.java:43)
	at java.lang.reflect.Method.invoke(Method.java:606)
	at org.apache.maven.surefire.util.ReflectionUtils.invokeMethodWithArray(ReflectionUtils.java:189)
	at org.apache.maven.surefire.booter.ProviderFactory$ProviderProxy.invoke(ProviderFactory.java:165)
	at org.apache.maven.surefire.booter.ProviderFactory.invokeProvider(ProviderFactory.java:85)
	at org.apache.maven.surefire.booter.ForkedBooter.runSuitesInProcess(ForkedBooter.java:115)
	at org.apache.maven.surefire.booter.ForkedBooter.main(ForkedBooter.java:75)
Caused by: java.lang.ClassNotFoundException: org.apache.log.format.Formatter
	at java.net.URLClassLoader$1.run(URLClassLoader.java:366)
	at java.net.URLClassLoader$1.run(URLClassLoader.java:355)
	at java.security.AccessController.doPrivileged(Native Method)
	at java.net.URLClassLoader.findClass(URLClassLoader.java:354)
	at java.lang.ClassLoader.loadClass(ClassLoader.java:425)
	at sun.misc.Launcher$AppClassLoader.loadClass(Launcher.java:308)
	at java.lang.ClassLoader.loadClass(ClassLoader.java:358)
	... 39 more
2014-12-21 15:42:52,329 - Trying to use logger class org.apache.velocity.runtime.log.Log4JLogChute
2014-12-21 15:42:52,329 - Using logger class org.apache.velocity.runtime.log.Log4JLogChute
2014-12-21 15:42:52,329 - Default ResourceManager initializing. (class org.apache.velocity.runtime.resource.ResourceManagerImpl)
2014-12-21 15:42:52,329 - ResourceLoader instantiated: org.apache.velocity.runtime.resource.loader.FileResourceLoader
2014-12-21 15:42:52,329 - Do unicode file recognition:  false
2014-12-21 15:42:52,329 - FileResourceLoader : adding path '.'
2014-12-21 15:42:52,339 - ResourceCache: initialized (class org.apache.velocity.runtime.resource.ResourceCacheImpl)
2014-12-21 15:42:52,349 - Loaded System Directive: org.apache.velocity.runtime.directive.Literal
2014-12-21 15:42:52,349 - Loaded System Directive: org.apache.velocity.runtime.directive.Macro
2014-12-21 15:42:52,349 - Loaded System Directive: org.apache.velocity.runtime.directive.Parse
2014-12-21 15:42:52,349 - Loaded System Directive: org.apache.velocity.runtime.directive.Include
2014-12-21 15:42:52,349 - Loaded System Directive: org.apache.velocity.runtime.directive.Foreach
2014-12-21 15:42:52,379 - Created '20' parsers.
2014-12-21 15:42:52,389 - Velocimacro : "velocimacro.library" is not set.  Trying default library: VM_global_library.vm
2014-12-21 15:42:52,389 - Velocimacro : Default library not found.
2014-12-21 15:42:52,389 - Velocimacro : allowInline = true : VMs can be defined inline in templates
2014-12-21 15:42:52,389 - Velocimacro : allowInlineToOverride = false : VMs defined inline may NOT replace previous VM definitions
2014-12-21 15:42:52,389 - Velocimacro : allowInlineLocal = false : VMs defined inline will be global in scope if allowed.
2014-12-21 15:42:52,389 - Velocimacro : autoload off : VM system will not automatically reload global library macros
2014-12-21 15:46:11,685 - Log4JLogChute initialized using file 'velocity.log'
2014-12-21 15:46:11,685 - Velocity was not initialized! Calling init()...
2014-12-21 15:46:11,685 - Starting Apache Velocity v1.5 (compiled: 2007-02-22 08:52:29)
2014-12-21 15:46:11,685 - Default Properties File: org\apache\velocity\runtime\defaults\velocity.properties
2014-12-21 15:46:11,685 - Trying to use logger class org.apache.velocity.runtime.log.AvalonLogChute
2014-12-21 15:46:11,685 - Couldn't find class org.apache.velocity.runtime.log.AvalonLogChute or necessary supporting classes in classpath.
java.lang.NoClassDefFoundError: org/apache/log/format/Formatter
	at java.lang.Class.forName0(Native Method)
	at java.lang.Class.forName(Class.java:274)
	at org.apache.velocity.util.ClassUtils.getClass(ClassUtils.java:63)
	at org.apache.velocity.util.ClassUtils.getNewInstance(ClassUtils.java:95)
	at org.apache.velocity.runtime.log.LogManager.createLogChute(LogManager.java:147)
	at org.apache.velocity.runtime.log.LogManager.updateLog(LogManager.java:208)
	at org.apache.velocity.runtime.RuntimeInstance.initializeLog(RuntimeInstance.java:728)
	at org.apache.velocity.runtime.RuntimeInstance.init(RuntimeInstance.java:240)
	at org.apache.velocity.runtime.RuntimeInstance.parse(RuntimeInstance.java:993)
	at org.apache.velocity.runtime.RuntimeInstance.parse(RuntimeInstance.java:972)
	at org.apache.velocity.runtime.RuntimeSingleton.parse(RuntimeSingleton.java:265)
	at org.apache.velocity.app.Velocity.evaluate(Velocity.java:274)
	at org.sonatype.mavenbook.weather.WeatherFormatter.format(WeatherFormatter.java:21)
	at org.sonatype.mavenbook.weather.WeatherFormatterTest.testFormat(WeatherFormatterTest.java:23)
	at sun.reflect.NativeMethodAccessorImpl.invoke0(Native Method)
	at sun.reflect.NativeMethodAccessorImpl.invoke(NativeMethodAccessorImpl.java:57)
	at sun.reflect.DelegatingMethodAccessorImpl.invoke(DelegatingMethodAccessorImpl.java:43)
	at java.lang.reflect.Method.invoke(Method.java:606)
	at junit.framework.TestCase.runTest(TestCase.java:176)
	at junit.framework.TestCase.runBare(TestCase.java:141)
	at junit.framework.TestResult$1.protect(TestResult.java:122)
	at junit.framework.TestResult.runProtected(TestResult.java:142)
	at junit.framework.TestResult.run(TestResult.java:125)
	at junit.framework.TestCase.run(TestCase.java:129)
	at junit.framework.TestSuite.runTest(TestSuite.java:255)
	at junit.framework.TestSuite.run(TestSuite.java:250)
	at org.junit.internal.runners.JUnit38ClassRunner.run(JUnit38ClassRunner.java:84)
	at org.apache.maven.surefire.junit4.JUnit4Provider.execute(JUnit4Provider.java:252)
	at org.apache.maven.surefire.junit4.JUnit4Provider.executeTestSet(JUnit4Provider.java:141)
	at org.apache.maven.surefire.junit4.JUnit4Provider.invoke(JUnit4Provider.java:112)
	at sun.reflect.NativeMethodAccessorImpl.invoke0(Native Method)
	at sun.reflect.NativeMethodAccessorImpl.invoke(NativeMethodAccessorImpl.java:57)
	at sun.reflect.DelegatingMethodAccessorImpl.invoke(DelegatingMethodAccessorImpl.java:43)
	at java.lang.reflect.Method.invoke(Method.java:606)
	at org.apache.maven.surefire.util.ReflectionUtils.invokeMethodWithArray(ReflectionUtils.java:189)
	at org.apache.maven.surefire.booter.ProviderFactory$ProviderProxy.invoke(ProviderFactory.java:165)
	at org.apache.maven.surefire.booter.ProviderFactory.invokeProvider(ProviderFactory.java:85)
	at org.apache.maven.surefire.booter.ForkedBooter.runSuitesInProcess(ForkedBooter.java:115)
	at org.apache.maven.surefire.booter.ForkedBooter.main(ForkedBooter.java:75)
Caused by: java.lang.ClassNotFoundException: org.apache.log.format.Formatter
	at java.net.URLClassLoader$1.run(URLClassLoader.java:366)
	at java.net.URLClassLoader$1.run(URLClassLoader.java:355)
	at java.security.AccessController.doPrivileged(Native Method)
	at java.net.URLClassLoader.findClass(URLClassLoader.java:354)
	at java.lang.ClassLoader.loadClass(ClassLoader.java:425)
	at sun.misc.Launcher$AppClassLoader.loadClass(Launcher.java:308)
	at java.lang.ClassLoader.loadClass(ClassLoader.java:358)
	... 39 more
2014-12-21 15:46:11,685 - Trying to use logger class org.apache.velocity.runtime.log.Log4JLogChute
2014-12-21 15:46:11,685 - Using logger class org.apache.velocity.runtime.log.Log4JLogChute
2014-12-21 15:46:11,685 - Default ResourceManager initializing. (class org.apache.velocity.runtime.resource.ResourceManagerImpl)
2014-12-21 15:46:11,685 - ResourceLoader instantiated: org.apache.velocity.runtime.resource.loader.FileResourceLoader
2014-12-21 15:46:11,685 - Do unicode file recognition:  false
2014-12-21 15:46:11,685 - FileResourceLoader : adding path '.'
2014-12-21 15:46:11,695 - ResourceCache: initialized (class org.apache.velocity.runtime.resource.ResourceCacheImpl)
2014-12-21 15:46:11,695 - Loaded System Directive: org.apache.velocity.runtime.directive.Literal
2014-12-21 15:46:11,695 - Loaded System Directive: org.apache.velocity.runtime.directive.Macro
2014-12-21 15:46:11,695 - Loaded System Directive: org.apache.velocity.runtime.directive.Parse
2014-12-21 15:46:11,695 - Loaded System Directive: org.apache.velocity.runtime.directive.Include
2014-12-21 15:46:11,705 - Loaded System Directive: org.apache.velocity.runtime.directive.Foreach
2014-12-21 15:46:11,725 - Created '20' parsers.
2014-12-21 15:46:11,735 - Velocimacro : "velocimacro.library" is not set.  Trying default library: VM_global_library.vm
2014-12-21 15:46:11,735 - Velocimacro : Default library not found.
2014-12-21 15:46:11,735 - Velocimacro : allowInline = true : VMs can be defined inline in templates
2014-12-21 15:46:11,735 - Velocimacro : allowInlineToOverride = false : VMs defined inline may NOT replace previous VM definitions
2014-12-21 15:46:11,735 - Velocimacro : allowInlineLocal = false : VMs defined inline will be global in scope if allowed.
2014-12-21 15:46:11,735 - Velocimacro : autoload off : VM system will not automatically reload global library macros
2014-12-21 16:46:28,078 - Log4JLogChute initialized using file 'velocity.log'
2014-12-21 16:46:28,078 - Velocity was not initialized! Calling init()...
2014-12-21 16:46:28,078 - Starting Apache Velocity v1.5 (compiled: 2007-02-22 08:52:29)
2014-12-21 16:46:28,078 - Default Properties File: org\apache\velocity\runtime\defaults\velocity.properties
2014-12-21 16:46:28,078 - Trying to use logger class org.apache.velocity.runtime.log.AvalonLogChute
2014-12-21 16:46:28,078 - Couldn't find class org.apache.velocity.runtime.log.AvalonLogChute or necessary supporting classes in classpath.
java.lang.NoClassDefFoundError: org/apache/log/format/Formatter
	at java.lang.Class.forName0(Native Method)
	at java.lang.Class.forName(Class.java:274)
	at org.apache.velocity.util.ClassUtils.getClass(ClassUtils.java:63)
	at org.apache.velocity.util.ClassUtils.getNewInstance(ClassUtils.java:95)
	at org.apache.velocity.runtime.log.LogManager.createLogChute(LogManager.java:147)
	at org.apache.velocity.runtime.log.LogManager.updateLog(LogManager.java:208)
	at org.apache.velocity.runtime.RuntimeInstance.initializeLog(RuntimeInstance.java:728)
	at org.apache.velocity.runtime.RuntimeInstance.init(RuntimeInstance.java:240)
	at org.apache.velocity.runtime.RuntimeInstance.parse(RuntimeInstance.java:993)
	at org.apache.velocity.runtime.RuntimeInstance.parse(RuntimeInstance.java:972)
	at org.apache.velocity.runtime.RuntimeSingleton.parse(RuntimeSingleton.java:265)
	at org.apache.velocity.app.Velocity.evaluate(Velocity.java:274)
	at org.sonatype.mavenbook.weather.WeatherFormatter.format(WeatherFormatter.java:21)
	at org.sonatype.mavenbook.weather.WeatherFormatter1Test.testFormat(WeatherFormatter1Test.java:17)
	at sun.reflect.NativeMethodAccessorImpl.invoke0(Native Method)
	at sun.reflect.NativeMethodAccessorImpl.invoke(NativeMethodAccessorImpl.java:57)
	at sun.reflect.DelegatingMethodAccessorImpl.invoke(DelegatingMethodAccessorImpl.java:43)
	at java.lang.reflect.Method.invoke(Method.java:606)
	at org.junit.runners.model.FrameworkMethod$1.runReflectiveCall(FrameworkMethod.java:47)
	at org.junit.internal.runners.model.ReflectiveCallable.run(ReflectiveCallable.java:12)
	at org.junit.runners.model.FrameworkMethod.invokeExplosively(FrameworkMethod.java:44)
	at org.junit.internal.runners.statements.InvokeMethod.evaluate(InvokeMethod.java:17)
	at org.junit.runners.ParentRunner.runLeaf(ParentRunner.java:271)
	at org.junit.runners.BlockJUnit4ClassRunner.runChild(BlockJUnit4ClassRunner.java:70)
	at org.junit.runners.BlockJUnit4ClassRunner.runChild(BlockJUnit4ClassRunner.java:50)
	at org.junit.runners.ParentRunner$3.run(ParentRunner.java:238)
	at org.junit.runners.ParentRunner$1.schedule(ParentRunner.java:63)
	at org.junit.runners.ParentRunner.runChildren(ParentRunner.java:236)
	at org.junit.runners.ParentRunner.access$000(ParentRunner.java:53)
	at org.junit.runners.ParentRunner$2.evaluate(ParentRunner.java:229)
	at org.junit.runners.ParentRunner.run(ParentRunner.java:309)
	at org.apache.maven.surefire.junit4.JUnit4Provider.execute(JUnit4Provider.java:252)
	at org.apache.maven.surefire.junit4.JUnit4Provider.executeTestSet(JUnit4Provider.java:141)
	at org.apache.maven.surefire.junit4.JUnit4Provider.invoke(JUnit4Provider.java:112)
	at sun.reflect.NativeMethodAccessorImpl.invoke0(Native Method)
	at sun.reflect.NativeMethodAccessorImpl.invoke(NativeMethodAccessorImpl.java:57)
	at sun.reflect.DelegatingMethodAccessorImpl.invoke(DelegatingMethodAccessorImpl.java:43)
	at java.lang.reflect.Method.invoke(Method.java:606)
	at org.apache.maven.surefire.util.ReflectionUtils.invokeMethodWithArray(ReflectionUtils.java:189)
	at org.apache.maven.surefire.booter.ProviderFactory$ProviderProxy.invoke(ProviderFactory.java:165)
	at org.apache.maven.surefire.booter.ProviderFactory.invokeProvider(ProviderFactory.java:85)
	at org.apache.maven.surefire.booter.ForkedBooter.runSuitesInProcess(ForkedBooter.java:115)
	at org.apache.maven.surefire.booter.ForkedBooter.main(ForkedBooter.java:75)
Caused by: java.lang.ClassNotFoundException: org.apache.log.format.Formatter
	at java.net.URLClassLoader$1.run(URLClassLoader.java:366)
	at java.net.URLClassLoader$1.run(URLClassLoader.java:355)
	at java.security.AccessController.doPrivileged(Native Method)
	at java.net.URLClassLoader.findClass(URLClassLoader.java:354)
	at java.lang.ClassLoader.loadClass(ClassLoader.java:425)
	at sun.misc.Launcher$AppClassLoader.loadClass(Launcher.java:308)
	at java.lang.ClassLoader.loadClass(ClassLoader.java:358)
	... 43 more
2014-12-21 16:46:28,078 - Trying to use logger class org.apache.velocity.runtime.log.Log4JLogChute
2014-12-21 16:46:28,078 - Using logger class org.apache.velocity.runtime.log.Log4JLogChute
2014-12-21 16:46:28,078 - Default ResourceManager initializing. (class org.apache.velocity.runtime.resource.ResourceManagerImpl)
2014-12-21 16:46:28,078 - ResourceLoader instantiated: org.apache.velocity.runtime.resource.loader.FileResourceLoader
2014-12-21 16:46:28,078 - Do unicode file recognition:  false
2014-12-21 16:46:28,078 - FileResourceLoader : adding path '.'
2014-12-21 16:46:28,088 - ResourceCache: initialized (class org.apache.velocity.runtime.resource.ResourceCacheImpl)
2014-12-21 16:46:28,098 - Loaded System Directive: org.apache.velocity.runtime.directive.Literal
2014-12-21 16:46:28,098 - Loaded System Directive: org.apache.velocity.runtime.directive.Macro
2014-12-21 16:46:28,098 - Loaded System Directive: org.apache.velocity.runtime.directive.Parse
2014-12-21 16:46:28,098 - Loaded System Directive: org.apache.velocity.runtime.directive.Include
2014-12-21 16:46:28,098 - Loaded System Directive: org.apache.velocity.runtime.directive.Foreach
2014-12-21 16:46:28,128 - Created '20' parsers.
2014-12-21 16:46:28,128 - Velocimacro : "velocimacro.library" is not set.  Trying default library: VM_global_library.vm
2014-12-21 16:46:28,128 - Velocimacro : Default library not found.
2014-12-21 16:46:28,128 - Velocimacro : allowInline = true : VMs can be defined inline in templates
2014-12-21 16:46:28,128 - Velocimacro : allowInlineToOverride = false : VMs defined inline may NOT replace previous VM definitions
2014-12-21 16:46:28,128 - Velocimacro : allowInlineLocal = false : VMs defined inline will be global in scope if allowed.
2014-12-21 16:46:28,128 - Velocimacro : autoload off : VM system will not automatically reload global library macros
2014-12-21 16:59:33,806 - Log4JLogChute initialized using file 'velocity.log'
2014-12-21 16:59:33,806 - Velocity was not initialized! Calling init()...
2014-12-21 16:59:33,806 - Starting Apache Velocity v1.5 (compiled: 2007-02-22 08:52:29)
2014-12-21 16:59:33,806 - Default Properties File: org\apache\velocity\runtime\defaults\velocity.properties
2014-12-21 16:59:33,806 - Trying to use logger class org.apache.velocity.runtime.log.AvalonLogChute
2014-12-21 16:59:33,806 - Couldn't find class org.apache.velocity.runtime.log.AvalonLogChute or necessary supporting classes in classpath.
java.lang.NoClassDefFoundError: org/apache/log/format/Formatter
	at java.lang.Class.forName0(Native Method)
	at java.lang.Class.forName(Class.java:274)
	at org.apache.velocity.util.ClassUtils.getClass(ClassUtils.java:63)
	at org.apache.velocity.util.ClassUtils.getNewInstance(ClassUtils.java:95)
	at org.apache.velocity.runtime.log.LogManager.createLogChute(LogManager.java:147)
	at org.apache.velocity.runtime.log.LogManager.updateLog(LogManager.java:208)
	at org.apache.velocity.runtime.RuntimeInstance.initializeLog(RuntimeInstance.java:728)
	at org.apache.velocity.runtime.RuntimeInstance.init(RuntimeInstance.java:240)
	at org.apache.velocity.runtime.RuntimeInstance.parse(RuntimeInstance.java:993)
	at org.apache.velocity.runtime.RuntimeInstance.parse(RuntimeInstance.java:972)
	at org.apache.velocity.runtime.RuntimeSingleton.parse(RuntimeSingleton.java:265)
	at org.apache.velocity.app.Velocity.evaluate(Velocity.java:274)
	at org.sonatype.mavenbook.weather.WeatherFormatter.format(WeatherFormatter.java:21)
	at org.sonatype.mavenbook.weather.WeatherFormatterTest.testFormat(WeatherFormatterTest.java:17)
	at sun.reflect.NativeMethodAccessorImpl.invoke0(Native Method)
	at sun.reflect.NativeMethodAccessorImpl.invoke(NativeMethodAccessorImpl.java:57)
	at sun.reflect.DelegatingMethodAccessorImpl.invoke(DelegatingMethodAccessorImpl.java:43)
	at java.lang.reflect.Method.invoke(Method.java:606)
	at org.junit.runners.model.FrameworkMethod$1.runReflectiveCall(FrameworkMethod.java:47)
	at org.junit.internal.runners.model.ReflectiveCallable.run(ReflectiveCallable.java:12)
	at org.junit.runners.model.FrameworkMethod.invokeExplosively(FrameworkMethod.java:44)
	at org.junit.internal.runners.statements.InvokeMethod.evaluate(InvokeMethod.java:17)
	at org.junit.runners.ParentRunner.runLeaf(ParentRunner.java:271)
	at org.junit.runners.BlockJUnit4ClassRunner.runChild(BlockJUnit4ClassRunner.java:70)
	at org.junit.runners.BlockJUnit4ClassRunner.runChild(BlockJUnit4ClassRunner.java:50)
	at org.junit.runners.ParentRunner$3.run(ParentRunner.java:238)
	at org.junit.runners.ParentRunner$1.schedule(ParentRunner.java:63)
	at org.junit.runners.ParentRunner.runChildren(ParentRunner.java:236)
	at org.junit.runners.ParentRunner.access$000(ParentRunner.java:53)
	at org.junit.runners.ParentRunner$2.evaluate(ParentRunner.java:229)
	at org.junit.runners.ParentRunner.run(ParentRunner.java:309)
	at org.apache.maven.surefire.junit4.JUnit4Provider.execute(JUnit4Provider.java:252)
	at org.apache.maven.surefire.junit4.JUnit4Provider.executeTestSet(JUnit4Provider.java:141)
	at org.apache.maven.surefire.junit4.JUnit4Provider.invoke(JUnit4Provider.java:112)
	at sun.reflect.NativeMethodAccessorImpl.invoke0(Native Method)
	at sun.reflect.NativeMethodAccessorImpl.invoke(NativeMethodAccessorImpl.java:57)
	at sun.reflect.DelegatingMethodAccessorImpl.invoke(DelegatingMethodAccessorImpl.java:43)
	at java.lang.reflect.Method.invoke(Method.java:606)
	at org.apache.maven.surefire.util.ReflectionUtils.invokeMethodWithArray(ReflectionUtils.java:189)
	at org.apache.maven.surefire.booter.ProviderFactory$ProviderProxy.invoke(ProviderFactory.java:165)
	at org.apache.maven.surefire.booter.ProviderFactory.invokeProvider(ProviderFactory.java:85)
	at org.apache.maven.surefire.booter.ForkedBooter.runSuitesInProcess(ForkedBooter.java:115)
	at org.apache.maven.surefire.booter.ForkedBooter.main(ForkedBooter.java:75)
Caused by: java.lang.ClassNotFoundException: org.apache.log.format.Formatter
	at java.net.URLClassLoader$1.run(URLClassLoader.java:366)
	at java.net.URLClassLoader$1.run(URLClassLoader.java:355)
	at java.security.AccessController.doPrivileged(Native Method)
	at java.net.URLClassLoader.findClass(URLClassLoader.java:354)
	at java.lang.ClassLoader.loadClass(ClassLoader.java:425)
	at sun.misc.Launcher$AppClassLoader.loadClass(Launcher.java:308)
	at java.lang.ClassLoader.loadClass(ClassLoader.java:358)
	... 43 more
2014-12-21 16:59:33,806 - Trying to use logger class org.apache.velocity.runtime.log.Log4JLogChute
2014-12-21 16:59:33,806 - Using logger class org.apache.velocity.runtime.log.Log4JLogChute
2014-12-21 16:59:33,806 - Default ResourceManager initializing. (class org.apache.velocity.runtime.resource.ResourceManagerImpl)
2014-12-21 16:59:33,806 - ResourceLoader instantiated: org.apache.velocity.runtime.resource.loader.FileResourceLoader
2014-12-21 16:59:33,806 - Do unicode file recognition:  false
2014-12-21 16:59:33,806 - FileResourceLoader : adding path '.'
2014-12-21 16:59:33,816 - ResourceCache: initialized (class org.apache.velocity.runtime.resource.ResourceCacheImpl)
2014-12-21 16:59:33,816 - Loaded System Directive: org.apache.velocity.runtime.directive.Literal
2014-12-21 16:59:33,816 - Loaded System Directive: org.apache.velocity.runtime.directive.Macro
2014-12-21 16:59:33,826 - Loaded System Directive: org.apache.velocity.runtime.directive.Parse
2014-12-21 16:59:33,826 - Loaded System Directive: org.apache.velocity.runtime.directive.Include
2014-12-21 16:59:33,826 - Loaded System Directive: org.apache.velocity.runtime.directive.Foreach
2014-12-21 16:59:33,856 - Created '20' parsers.
2014-12-21 16:59:33,856 - Velocimacro : "velocimacro.library" is not set.  Trying default library: VM_global_library.vm
2014-12-21 16:59:33,856 - Velocimacro : Default library not found.
2014-12-21 16:59:33,856 - Velocimacro : allowInline = true : VMs can be defined inline in templates
2014-12-21 16:59:33,856 - Velocimacro : allowInlineToOverride = false : VMs defined inline may NOT replace previous VM definitions
2014-12-21 16:59:33,856 - Velocimacro : allowInlineLocal = false : VMs defined inline will be global in scope if allowed.
2014-12-21 16:59:33,856 - Velocimacro : autoload off : VM system will not automatically reload global library macros
